Arguments: 
  /usr/bin/node /usr/share/yarn/bin/yarn.js install

PATH: 
  /usr/local/sbin:/usr/local/bin:/usr/sbin:/usr/bin:/sbin:/bin:/usr/games:/usr/local/games:/snap/bin

Yarn version: 
  1.22.19

Node version: 
  12.22.9

Platform: 
  linux x64

Trace: 
  Error: https://registry.yarnpkg.com/@types/node/-/node-17.0.42.tgz: ENOENT: no such file or directory, open '/home/thereallactose/.cache/yarn/v6/npm-@types-node-17.0.42-d7e8f22700efc94d125103075c074396b5f41f9b-integrity/node_modules/@types/node/.yarn-tarball.tgz'

npm manifest: 
  {
    "name": "@socket-io-example/backend-1",
    "version": "1.0.0",
    "main": "index.js",
    "license": "MIT",
    "scripts": {
      "dev": "ts-node-dev --quiet --cls ./src/server.ts"
    },
    "dependencies": {
      "express": "^4.18.1",
      "joi": "^17.6.0",
      "socket.io": "^4.5.1"
    },
    "devDependencies": {
      "@babel/cli": "^7.17.10",
      "@babel/core": "^7.18.5",
      "@babel/preset-env": "^7.18.2",
      "@babel/preset-typescript": "^7.17.12",
      "@types/cors": "^2.8.12",
      "@types/express": "^4.17.13",
      "@types/node": "^17.0.42",
      "@typescript-eslint/eslint-plugin": "^5.28.0",
      "@typescript-eslint/parser": "^5.28.0",
      "eslint": "^8.17.0",
      "eslint-config-prettier": "^8.5.0",
      "eslint-plugin-import": "^2.26.0",
      "eslint-plugin-prettier": "^4.0.0",
      "prettier": "^2.6.2",
      "ts-node-dev": "^2.0.0",
      "typescript": "^4.7.3"
    }
  }

yarn manifest: 
  No manifest

Lockfile: 
  No lockfile
